<?xml version="1.0" encoding="UTF-8"?>
<!-- Generated by org.testng.reporters.JUnitReportReporter -->
<testsuite hostname="Sheefa" failures="0" tests="1" name="tests.LoginTest" time="2.866" errors="0" timestamp="2025-04-28T11:46:47 IST" skipped="0">
  <testcase classname="tests.LoginTest" name="loginTest" time="2.866"/>
</testsuite> <!-- tests.LoginTest -->
